2024-08-20 15:46:57 - root - INFO - Fetching assets data from Collibra. (main.py:62)
2024-08-20 15:46:57 - root - INFO - Fetching users data from Collibra. (main.py:64)
2024-08-20 15:46:57 - root - INFO - Processing assets data. (main.py:68)
2024-08-20 15:51:05 - root - INFO - Fetching assets data from Collibra. (main.py:62)
2024-08-20 15:51:05 - root - INFO - Fetching users data from Collibra. (main.py:64)
2024-08-20 15:51:05 - root - INFO - Processing assets data. (main.py:68)
2024-08-20 15:51:05 - root - INFO - Processing users data. (main.py:70)
2024-08-20 15:51:05 - root - INFO - Fetching scorecard data from Oracle. (main.py:74)
2024-08-20 15:51:05 - root - INFO - Connecting to SQLite database at C:\PyWork\Datamart\Datamart\db_handler\..\_data\datamart.db. (db_sqlite.py:21)
2024-08-20 15:51:05 - root - INFO - Creating tables in the database. (db_sqlite.py:31)
2024-08-20 15:51:05 - root - INFO - Tables created successfully. (db_sqlite.py:62)
2024-08-20 15:51:05 - root - INFO - Truncating tables before inserting new data. (main.py:85)
2024-08-20 15:51:05 - root - WARNING - Truncating all tables in the database. (db_sqlite.py:157)
2024-08-20 15:51:05 - root - INFO - Tables truncated successfully. (db_sqlite.py:162)
2024-08-20 15:51:05 - root - INFO - Inserting processed assets into the target database. (main.py:89)
2024-08-20 15:51:05 - root - INFO - Inserting processed users into the target database. (main.py:91)
2024-08-20 15:51:05 - root - INFO - Inserting scorecard results into the target database. (main.py:93)
2024-08-20 15:51:05 - root - INFO - All data inserted successfully into the database. (main.py:96)
2024-08-20 15:58:35 - root - INFO - Fetching assets data from Collibra. (main.py:62)
2024-08-20 15:58:35 - root - INFO - Fetching users data from Collibra. (main.py:64)
2024-08-20 15:58:35 - root - INFO - Processing assets data. (main.py:68)
2024-08-20 15:58:35 - root - INFO - Processing users data. (main.py:70)
2024-08-20 15:58:35 - root - INFO - Fetching scorecard data from Oracle. (main.py:74)
2024-08-20 15:58:35 - root - INFO - Connecting to SQLite database at C:\PyWork\Datamart\Datamart\db_handler\..\_data\datamart.db. (db_sqlite.py:21)
2024-08-20 15:58:35 - root - INFO - Creating tables in the database. (db_sqlite.py:31)
2024-08-20 15:58:35 - root - INFO - Tables created successfully. (db_sqlite.py:62)
2024-08-20 15:58:35 - root - INFO - Truncating tables before inserting new data. (main.py:85)
2024-08-20 15:58:35 - root - WARNING - Truncating all tables in the database. (db_sqlite.py:157)
2024-08-20 15:58:35 - root - INFO - Tables truncated successfully. (db_sqlite.py:162)
2024-08-20 15:58:35 - root - INFO - Inserting processed assets into the target database. (main.py:89)
2024-08-20 15:58:35 - root - INFO - Inserting processed users into the target database. (main.py:91)
2024-08-20 15:58:35 - root - INFO - Inserting scorecard results into the target database. (main.py:93)
2024-08-20 15:58:35 - root - INFO - All data inserted successfully into the database. (main.py:96)
